********************************************************************************
DUPLICATOR-LITE PACKAGE-LOG: 2016-12-14 09:04:03
NOTICE: Do NOT post to public sites or forums 
********************************************************************************
VERSION:	1.1.24
WORDPRESS:	4.6.1
PHP INFO:	5.6.24 | SAPI: apache2handler
SERVER:		Apache/2.4.23 (Win32) OpenSSL/1.0.2h PHP/5.6.24 
PHP TIME LIMIT: (0) no time limit imposed 
PHP MAX MEMORY: 2048M (128M default) 
MEMORY STACK: 28MB 

********************************************************************************
DATABASE:
********************************************************************************
BUILD MODE:   PHP(query limit - 100)
MYSQLTIMEOUT: 5000
MYSQLDUMP:    Is Supported 
TABLES: total:19 | filtered:0 | create:19 
FILTERED: [] 
SQL CREATED: 20161214_hostingdomain_58510aa3a4c1f8624161214090227_database.sql 
SQL FILE SIZE: 1.53MB (1599204) 
SQL FILE TIME: 2016-12-14 09:04:05 
SQL RUNTIME: 1.18 sec. 

******************************************************************************** 
ARCHIVE (ZIP): 
******************************************************************************** 
ARCHIVE DIR:  C:/xampp/htdocs/service_hosting 
ARCHIVE FILE: 20161214_hostingdomain_58510aa3a4c1f8624161214090227_archive.zip 
FILTERS: *OFF* 
DIRS: not set 
EXTS:  not set 
---------------------------------------- 
COMPRESSING 
SIZE:	132.39MB 
STATS:	Dirs 1,033 | Files 9,903 
SQL ADDED: 20161214_hostingdomain_58510aa3a4c1f8624161214090227_database.sql 
ZipArchive Object
(
    [status] => 0
    [statusSys] => 0
    [numFiles] => 10936
    [filename] => C:\xampp\htdocs\service_hosting\wp-snapshots\tmp\20161214_hostingdomain_58510aa3a4c1f8624161214090227_archive.zip
    [comment] => 
)
 
COMPRESSION RESULT: '1' 
COMPRESSED SIZE: 75.44MB 
ARCHIVE RUNTIME: 237.65 sec. 
MEMORY STACK: 31.5MB 

******************************************************************************** 
MAKE INSTALLER: 
******************************************************************************** 
Build Start 
Build Finished 
Preping for use 
Template parsed with new data 
Complete [C:/xampp/htdocs/service_hosting/wp-snapshots/tmp/20161214_hostingdomain_58510aa3a4c1f8624161214090227_installer.php] 
Added to archive 

******************************************************************************** 
INTEGRITY CHECKS: 
******************************************************************************** 
SQL File: 1.53MB 
Installer File: 352.02KB 
Archive File: 75.44MB  

********************************************************************************
RECORD ID:[1]
TOTAL PROCESS RUNTIME: 241.31 sec.
PEAK PHP MEMORY USED: 33.75MB
DONE PROCESSING => 20161214_hostingdomain 2016-12-14 09:08:05
 
